{"text": "2024-02-11 12:27:11 | INFO    | __main__:stash:131 | run - {'image': '20231121', 'version': '0.10.1.post2', 'role': 'EpicPlayer', 'headless': True}\n", "record": {"elapsed": {"repr": "0:00:01.296124", "seconds": 1.296124}, "exception": null, "extra": {"image": "20231121", "version": "0.10.1.post2", "role": "EpicPlayer", "headless": true}, "file": {"name": "claim.py", "path": "/home/runner/work/HI-plus/HI-plus/epic/src/claim.py"}, "function": "stash", "level": {"icon": "‚ÑπÔ∏è", "name": "INFO", "no": 20}, "line": 131, "message": "run", "module": "claim", "name": "__main__", "process": {"id": 3560, "name": "MainProcess"}, "thread": {"id": 140594972351360, "name": "MainThread"}, "time": {"repr": "2024-02-11 12:27:11.294198+08:00", "timestamp": 1707625631.294198}}}
{"text": "2024-02-11 12:27:18 | WARNING    | epic_games.agent:get_order_history:467 | Failed to get order history, cookie may have expired - {}\n", "record": {"elapsed": {"repr": "0:00:08.046142", "seconds": 8.046142}, "exception": null, "extra": {}, "file": {"name": "agent.py", "path": "/home/runner/work/HI-plus/HI-plus/epic/src/epic_games/agent.py"}, "function": "get_order_history", "level": {"icon": "‚ö†Ô∏è", "name": "WARNING", "no": 30}, "line": 467, "message": "Failed to get order history, cookie may have expired", "module": "agent", "name": "epic_games.agent", "process": {"id": 3560, "name": "MainProcess"}, "thread": {"id": 140594972351360, "name": "MainThread"}, "time": {"repr": "2024-02-11 12:27:18.044216+08:00", "timestamp": 1707625638.044216}}}
{"text": "2024-02-11 12:27:18 | DEBUG    | __main__:create_tasks:66 | Put task - {'title': 'Doki Doki Literature Club Plus!', 'url': 'https://store.epicgames.com/en-US/p/doki-doki-literature-club-plus'}\n", "record": {"elapsed": {"repr": "0:00:08.668772", "seconds": 8.668772}, "exception": null, "extra": {"title": "Doki Doki Literature Club Plus!", "url": "https://store.epicgames.com/en-US/p/doki-doki-literature-club-plus"}, "file": {"name": "claim.py", "path": "/home/runner/work/HI-plus/HI-plus/epic/src/claim.py"}, "function": "create_tasks", "level": {"icon": "üêû", "name": "DEBUG", "no": 10}, "line": 66, "message": "Put task", "module": "claim", "name": "__main__", "process": {"id": 3560, "name": "MainProcess"}, "thread": {"id": 140594972351360, "name": "MainThread"}, "time": {"repr": "2024-02-11 12:27:18.666846+08:00", "timestamp": 1707625638.666846}}}
{"text": "2024-02-11 12:27:18 | DEBUG    | __main__:create_tasks:66 | Put task - {'title': 'Lost Castle', 'url': 'https://store.epicgames.com/en-US/p/lost-castle-abb2e2'}\n", "record": {"elapsed": {"repr": "0:00:08.669218", "seconds": 8.669218}, "exception": null, "extra": {"title": "Lost Castle", "url": "https://store.epicgames.com/en-US/p/lost-castle-abb2e2"}, "file": {"name": "claim.py", "path": "/home/runner/work/HI-plus/HI-plus/epic/src/claim.py"}, "function": "create_tasks", "level": {"icon": "üêû", "name": "DEBUG", "no": 10}, "line": 66, "message": "Put task", "module": "claim", "name": "__main__", "process": {"id": 3560, "name": "MainProcess"}, "thread": {"id": 140594972351360, "name": "MainThread"}, "time": {"repr": "2024-02-11 12:27:18.667292+08:00", "timestamp": 1707625638.667292}}}
{"text": "2024-02-11 12:27:24 | INFO    | epic_games.agent:claim_weekly_games:294 | claim_weekly_games - {'action': 'go to store', 'url': 'https://store.epicgames.com/en-US/p/doki-doki-literature-club-plus'}\n", "record": {"elapsed": {"repr": "0:00:14.066035", "seconds": 14.066035}, "exception": null, "extra": {"action": "go to store", "url": "https://store.epicgames.com/en-US/p/doki-doki-literature-club-plus"}, "file": {"name": "agent.py", "path": "/home/runner/work/HI-plus/HI-plus/epic/src/epic_games/agent.py"}, "function": "claim_weekly_games", "level": {"icon": "‚ÑπÔ∏è", "name": "INFO", "no": 20}, "line": 294, "message": "claim_weekly_games", "module": "agent", "name": "epic_games.agent", "process": {"id": 3560, "name": "MainProcess"}, "thread": {"id": 140594972351360, "name": "MainThread"}, "time": {"repr": "2024-02-11 12:27:24.064109+08:00", "timestamp": 1707625644.064109}}}
{"text": "2024-02-11 12:27:26 | INFO    | epic_games.agent:claim_weekly_games:294 | claim_weekly_games - {'action': 'go to store', 'url': 'https://store.epicgames.com/en-US/p/lost-castle-abb2e2'}\n", "record": {"elapsed": {"repr": "0:00:16.645665", "seconds": 16.645665}, "exception": null, "extra": {"action": "go to store", "url": "https://store.epicgames.com/en-US/p/lost-castle-abb2e2"}, "file": {"name": "agent.py", "path": "/home/runner/work/HI-plus/HI-plus/epic/src/epic_games/agent.py"}, "function": "claim_weekly_games", "level": {"icon": "‚ÑπÔ∏è", "name": "INFO", "no": 20}, "line": 294, "message": "claim_weekly_games", "module": "agent", "name": "epic_games.agent", "process": {"id": 3560, "name": "MainProcess"}, "thread": {"id": 140594972351360, "name": "MainThread"}, "time": {"repr": "2024-02-11 12:27:26.643739+08:00", "timestamp": 1707625646.643739}}}
{"text": "2024-02-11 12:27:35 | INFO    | epic_games.agent:claim_weekly_games:326 | claim_weekly_games - {'action': 'move to webPurchaseContainer iframe'}\n", "record": {"elapsed": {"repr": "0:00:25.694045", "seconds": 25.694045}, "exception": null, "extra": {"action": "move to webPurchaseContainer iframe"}, "file": {"name": "agent.py", "path": "/home/runner/work/HI-plus/HI-plus/epic/src/epic_games/agent.py"}, "function": "claim_weekly_games", "level": {"icon": "‚ÑπÔ∏è", "name": "INFO", "no": 20}, "line": 326, "message": "claim_weekly_games", "module": "agent", "name": "epic_games.agent", "process": {"id": 3560, "name": "MainProcess"}, "thread": {"id": 140594972351360, "name": "MainThread"}, "time": {"repr": "2024-02-11 12:27:35.692119+08:00", "timestamp": 1707625655.692119}}}
{"text": "2024-02-11 12:27:38 | INFO    | epic_games.agent:claim_weekly_games:328 | claim_weekly_games - {'action': 'click payment button'}\n", "record": {"elapsed": {"repr": "0:00:28.215484", "seconds": 28.215484}, "exception": null, "extra": {"action": "click payment button"}, "file": {"name": "agent.py", "path": "/home/runner/work/HI-plus/HI-plus/epic/src/epic_games/agent.py"}, "function": "claim_weekly_games", "level": {"icon": "‚ÑπÔ∏è", "name": "INFO", "no": 20}, "line": 328, "message": "claim_weekly_games", "module": "agent", "name": "epic_games.agent", "process": {"id": 3560, "name": "MainProcess"}, "thread": {"id": 140594972351360, "name": "MainThread"}, "time": {"repr": "2024-02-11 12:27:38.213558+08:00", "timestamp": 1707625658.213558}}}
{"text": "2024-02-11 12:27:43 | DEBUG    | hcaptcha_challenger.agents.playwright.control:_parse_label:241 | get task - {'prompt': 'Please click on the obœ≥ect that differs from others.'}\n", "record": {"elapsed": {"repr": "0:00:33.217643", "seconds": 33.217643}, "exception": null, "extra": {"prompt": "Please click on the obœ≥ect that differs from others."}, "file": {"name": "control.py", "path": "/opt/hostedtoolcache/Python/3.10.13/x64/lib/python3.10/site-packages/hcaptcha_challenger/agents/playwright/control.py"}, "function": "_parse_label", "level": {"icon": "üêû", "name": "DEBUG", "no": 10}, "line": 241, "message": "get task", "module": "control", "name": "hcaptcha_challenger.agents.playwright.control", "process": {"id": 3560, "name": "MainProcess"}, "thread": {"id": 140594972351360, "name": "MainThread"}, "time": {"repr": "2024-02-11 12:27:43.215717+08:00", "timestamp": 1707625663.215717}}}
{"text": "2024-02-11 12:27:48 | DEBUG    | epic_games.agent:insert_challenge:106 | task done - {'sattus': 'success'}\n", "record": {"elapsed": {"repr": "0:00:38.226044", "seconds": 38.226044}, "exception": null, "extra": {"sattus": "success"}, "file": {"name": "agent.py", "path": "/home/runner/work/HI-plus/HI-plus/epic/src/epic_games/agent.py"}, "function": "insert_challenge", "level": {"icon": "üêû", "name": "DEBUG", "no": 10}, "line": 106, "message": "task done", "module": "agent", "name": "epic_games.agent", "process": {"id": 3560, "name": "MainProcess"}, "thread": {"id": 140594972351360, "name": "MainThread"}, "time": {"repr": "2024-02-11 12:27:48.224118+08:00", "timestamp": 1707625668.224118}}}
{"text": "2024-02-11 12:28:20 | INFO    | epic_games.agent:claim_weekly_games:294 | claim_weekly_games - {'action': 'go to store', 'url': 'https://store.epicgames.com/en-US/p/doki-doki-literature-club-plus'}\n", "record": {"elapsed": {"repr": "0:01:10.391417", "seconds": 70.391417}, "exception": null, "extra": {"action": "go to store", "url": "https://store.epicgames.com/en-US/p/doki-doki-literature-club-plus"}, "file": {"name": "agent.py", "path": "/home/runner/work/HI-plus/HI-plus/epic/src/epic_games/agent.py"}, "function": "claim_weekly_games", "level": {"icon": "‚ÑπÔ∏è", "name": "INFO", "no": 20}, "line": 294, "message": "claim_weekly_games", "module": "agent", "name": "epic_games.agent", "process": {"id": 3560, "name": "MainProcess"}, "thread": {"id": 140594972351360, "name": "MainThread"}, "time": {"repr": "2024-02-11 12:28:20.389491+08:00", "timestamp": 1707625700.389491}}}
{"text": "2024-02-11 12:28:25 | INFO    | epic_games.agent:claim_weekly_games:294 | claim_weekly_games - {'action': 'go to store', 'url': 'https://store.epicgames.com/en-US/p/lost-castle-abb2e2'}\n", "record": {"elapsed": {"repr": "0:01:15.560107", "seconds": 75.560107}, "exception": null, "extra": {"action": "go to store", "url": "https://store.epicgames.com/en-US/p/lost-castle-abb2e2"}, "file": {"name": "agent.py", "path": "/home/runner/work/HI-plus/HI-plus/epic/src/epic_games/agent.py"}, "function": "claim_weekly_games", "level": {"icon": "‚ÑπÔ∏è", "name": "INFO", "no": 20}, "line": 294, "message": "claim_weekly_games", "module": "agent", "name": "epic_games.agent", "process": {"id": 3560, "name": "MainProcess"}, "thread": {"id": 140594972351360, "name": "MainThread"}, "time": {"repr": "2024-02-11 12:28:25.558181+08:00", "timestamp": 1707625705.558181}}}
{"text": "2024-02-11 12:28:34 | INFO    | epic_games.agent:claim_weekly_games:326 | claim_weekly_games - {'action': 'move to webPurchaseContainer iframe'}\n", "record": {"elapsed": {"repr": "0:01:24.594130", "seconds": 84.59413}, "exception": null, "extra": {"action": "move to webPurchaseContainer iframe"}, "file": {"name": "agent.py", "path": "/home/runner/work/HI-plus/HI-plus/epic/src/epic_games/agent.py"}, "function": "claim_weekly_games", "level": {"icon": "‚ÑπÔ∏è", "name": "INFO", "no": 20}, "line": 326, "message": "claim_weekly_games", "module": "agent", "name": "epic_games.agent", "process": {"id": 3560, "name": "MainProcess"}, "thread": {"id": 140594972351360, "name": "MainThread"}, "time": {"repr": "2024-02-11 12:28:34.592204+08:00", "timestamp": 1707625714.592204}}}
{"text": "2024-02-11 12:28:36 | INFO    | epic_games.agent:claim_weekly_games:328 | claim_weekly_games - {'action': 'click payment button'}\n", "record": {"elapsed": {"repr": "0:01:26.968118", "seconds": 86.968118}, "exception": null, "extra": {"action": "click payment button"}, "file": {"name": "agent.py", "path": "/home/runner/work/HI-plus/HI-plus/epic/src/epic_games/agent.py"}, "function": "claim_weekly_games", "level": {"icon": "‚ÑπÔ∏è", "name": "INFO", "no": 20}, "line": 328, "message": "claim_weekly_games", "module": "agent", "name": "epic_games.agent", "process": {"id": 3560, "name": "MainProcess"}, "thread": {"id": 140594972351360, "name": "MainThread"}, "time": {"repr": "2024-02-11 12:28:36.966192+08:00", "timestamp": 1707625716.966192}}}
{"text": "2024-02-11 12:28:41 | DEBUG    | hcaptcha_challenger.agents.playwright.control:_parse_label:241 | get task - {'prompt': 'Please click Œøn the obje—Åt that differs frŒøm others.'}\n", "record": {"elapsed": {"repr": "0:01:31.970562", "seconds": 91.970562}, "exception": null, "extra": {"prompt": "Please click Œøn the obje—Åt that differs frŒøm others."}, "file": {"name": "control.py", "path": "/opt/hostedtoolcache/Python/3.10.13/x64/lib/python3.10/site-packages/hcaptcha_challenger/agents/playwright/control.py"}, "function": "_parse_label", "level": {"icon": "üêû", "name": "DEBUG", "no": 10}, "line": 241, "message": "get task", "module": "control", "name": "hcaptcha_challenger.agents.playwright.control", "process": {"id": 3560, "name": "MainProcess"}, "thread": {"id": 140594972351360, "name": "MainThread"}, "time": {"repr": "2024-02-11 12:28:41.968636+08:00", "timestamp": 1707625721.968636}}}
{"text": "2024-02-11 12:28:46 | DEBUG    | epic_games.agent:insert_challenge:106 | task done - {'sattus': 'success'}\n", "record": {"elapsed": {"repr": "0:01:36.880137", "seconds": 96.880137}, "exception": null, "extra": {"sattus": "success"}, "file": {"name": "agent.py", "path": "/home/runner/work/HI-plus/HI-plus/epic/src/epic_games/agent.py"}, "function": "insert_challenge", "level": {"icon": "üêû", "name": "DEBUG", "no": 10}, "line": 106, "message": "task done", "module": "agent", "name": "epic_games.agent", "process": {"id": 3560, "name": "MainProcess"}, "thread": {"id": 140594972351360, "name": "MainThread"}, "time": {"repr": "2024-02-11 12:28:46.878211+08:00", "timestamp": 1707625726.878211}}}
{"text": "2024-02-11 12:29:19 | INFO    | epic_games.agent:claim_weekly_games:294 | claim_weekly_games - {'action': 'go to store', 'url': 'https://store.epicgames.com/en-US/p/doki-doki-literature-club-plus'}\n", "record": {"elapsed": {"repr": "0:02:09.027278", "seconds": 129.027278}, "exception": null, "extra": {"action": "go to store", "url": "https://store.epicgames.com/en-US/p/doki-doki-literature-club-plus"}, "file": {"name": "agent.py", "path": "/home/runner/work/HI-plus/HI-plus/epic/src/epic_games/agent.py"}, "function": "claim_weekly_games", "level": {"icon": "‚ÑπÔ∏è", "name": "INFO", "no": 20}, "line": 294, "message": "claim_weekly_games", "module": "agent", "name": "epic_games.agent", "process": {"id": 3560, "name": "MainProcess"}, "thread": {"id": 140594972351360, "name": "MainThread"}, "time": {"repr": "2024-02-11 12:29:19.025352+08:00", "timestamp": 1707625759.025352}}}
{"text": "2024-02-11 12:29:24 | INFO    | epic_games.agent:claim_weekly_games:294 | claim_weekly_games - {'action': 'go to store', 'url': 'https://store.epicgames.com/en-US/p/lost-castle-abb2e2'}\n", "record": {"elapsed": {"repr": "0:02:14.208068", "seconds": 134.208068}, "exception": null, "extra": {"action": "go to store", "url": "https://store.epicgames.com/en-US/p/lost-castle-abb2e2"}, "file": {"name": "agent.py", "path": "/home/runner/work/HI-plus/HI-plus/epic/src/epic_games/agent.py"}, "function": "claim_weekly_games", "level": {"icon": "‚ÑπÔ∏è", "name": "INFO", "no": 20}, "line": 294, "message": "claim_weekly_games", "module": "agent", "name": "epic_games.agent", "process": {"id": 3560, "name": "MainProcess"}, "thread": {"id": 140594972351360, "name": "MainThread"}, "time": {"repr": "2024-02-11 12:29:24.206142+08:00", "timestamp": 1707625764.206142}}}
{"text": "2024-02-11 12:29:33 | INFO    | epic_games.agent:claim_weekly_games:326 | claim_weekly_games - {'action': 'move to webPurchaseContainer iframe'}\n", "record": {"elapsed": {"repr": "0:02:23.362732", "seconds": 143.362732}, "exception": null, "extra": {"action": "move to webPurchaseContainer iframe"}, "file": {"name": "agent.py", "path": "/home/runner/work/HI-plus/HI-plus/epic/src/epic_games/agent.py"}, "function": "claim_weekly_games", "level": {"icon": "‚ÑπÔ∏è", "name": "INFO", "no": 20}, "line": 326, "message": "claim_weekly_games", "module": "agent", "name": "epic_games.agent", "process": {"id": 3560, "name": "MainProcess"}, "thread": {"id": 140594972351360, "name": "MainThread"}, "time": {"repr": "2024-02-11 12:29:33.360806+08:00", "timestamp": 1707625773.360806}}}
{"text": "2024-02-11 12:29:35 | INFO    | epic_games.agent:claim_weekly_games:328 | claim_weekly_games - {'action': 'click payment button'}\n", "record": {"elapsed": {"repr": "0:02:25.739407", "seconds": 145.739407}, "exception": null, "extra": {"action": "click payment button"}, "file": {"name": "agent.py", "path": "/home/runner/work/HI-plus/HI-plus/epic/src/epic_games/agent.py"}, "function": "claim_weekly_games", "level": {"icon": "‚ÑπÔ∏è", "name": "INFO", "no": 20}, "line": 328, "message": "claim_weekly_games", "module": "agent", "name": "epic_games.agent", "process": {"id": 3560, "name": "MainProcess"}, "thread": {"id": 140594972351360, "name": "MainThread"}, "time": {"repr": "2024-02-11 12:29:35.737481+08:00", "timestamp": 1707625775.737481}}}
{"text": "2024-02-11 12:29:40 | DEBUG    | hcaptcha_challenger.agents.playwright.control:_parse_label:241 | get task - {'prompt': 'Please click on the object that differs from others.'}\n", "record": {"elapsed": {"repr": "0:02:30.741769", "seconds": 150.741769}, "exception": null, "extra": {"prompt": "Please click on the object that differs from others."}, "file": {"name": "control.py", "path": "/opt/hostedtoolcache/Python/3.10.13/x64/lib/python3.10/site-packages/hcaptcha_challenger/agents/playwright/control.py"}, "function": "_parse_label", "level": {"icon": "üêû", "name": "DEBUG", "no": 10}, "line": 241, "message": "get task", "module": "control", "name": "hcaptcha_challenger.agents.playwright.control", "process": {"id": 3560, "name": "MainProcess"}, "thread": {"id": 140594972351360, "name": "MainThread"}, "time": {"repr": "2024-02-11 12:29:40.739843+08:00", "timestamp": 1707625780.739843}}}
{"text": "2024-02-11 12:29:49 | DEBUG    | epic_games.agent:insert_challenge:106 | task done - {'sattus': 'success'}\n", "record": {"elapsed": {"repr": "0:02:39.170086", "seconds": 159.170086}, "exception": null, "extra": {"sattus": "success"}, "file": {"name": "agent.py", "path": "/home/runner/work/HI-plus/HI-plus/epic/src/epic_games/agent.py"}, "function": "insert_challenge", "level": {"icon": "üêû", "name": "DEBUG", "no": 10}, "line": 106, "message": "task done", "module": "agent", "name": "epic_games.agent", "process": {"id": 3560, "name": "MainProcess"}, "thread": {"id": 140594972351360, "name": "MainThread"}, "time": {"repr": "2024-02-11 12:29:49.168160+08:00", "timestamp": 1707625789.16816}}}
{"text": "2024-02-11 12:30:21 | ERROR    | __main__:run:158 | An error has been caught in function 'run', process 'MainProcess' (3560), thread 'MainThread' (140594972351360): - {}\nTraceback (most recent call last):\n  File \"/home/runner/work/HI-plus/HI-plus/epic/src/claim.py\", line 151, in stash\n    await self.claim_epic_games(context)\n  File \"/home/runner/work/HI-plus/HI-plus/epic/src/claim.py\", line 122, in claim_epic_games\n    await epic.claim_weekly_games(page, single_promotions)\n  File \"/opt/hostedtoolcache/Python/3.10.13/x64/lib/python3.10/site-packages/tenacity/_asyncio.py\", line 88, in async_wrapped\n    return await fn(*args, **kwargs)\n  File \"/opt/hostedtoolcache/Python/3.10.13/x64/lib/python3.10/site-packages/tenacity/_asyncio.py\", line 47, in __call__\n    do = self.iter(retry_state=retry_state)\n  File \"/opt/hostedtoolcache/Python/3.10.13/x64/lib/python3.10/site-packages/tenacity/__init__.py\", line 325, in iter\n    raise retry_exc.reraise()\n  File \"/opt/hostedtoolcache/Python/3.10.13/x64/lib/python3.10/site-packages/tenacity/__init__.py\", line 158, in reraise\n    raise self.last_attempt.result()\n  File \"/opt/hostedtoolcache/Python/3.10.13/x64/lib/python3.10/concurrent/futures/_base.py\", line 451, in result\n    return self.__get_result()\n  File \"/opt/hostedtoolcache/Python/3.10.13/x64/lib/python3.10/concurrent/futures/_base.py\", line 403, in __get_result\n    raise self._exception\n  File \"/opt/hostedtoolcache/Python/3.10.13/x64/lib/python3.10/site-packages/tenacity/_asyncio.py\", line 50, in __call__\n    result = await fn(*args, **kwargs)\n  File \"/home/runner/work/HI-plus/HI-plus/epic/src/epic_games/agent.py\", line 338, in claim_weekly_games\n    await page.wait_for_url(recur_url)\n  File \"/opt/hostedtoolcache/Python/3.10.13/x64/lib/python3.10/site-packages/playwright/async_api/_generated.py\", line 9432, in wait_for_url\n    await self._impl_obj.wait_for_url(\n  File \"/opt/hostedtoolcache/Python/3.10.13/x64/lib/python3.10/site-packages/playwright/_impl/_page.py\", line 508, in wait_for_url\n    return await self._main_frame.wait_for_url(**locals_to_params(locals()))\n  File \"/opt/hostedtoolcache/Python/3.10.13/x64/lib/python3.10/site-packages/playwright/_impl/_frame.py\", line 237, in wait_for_url\n    async with self.expect_navigation(\n  File \"/opt/hostedtoolcache/Python/3.10.13/x64/lib/python3.10/site-packages/playwright/_impl/_event_context_manager.py\", line 33, in __aexit__\n    await self._future\n  File \"/opt/hostedtoolcache/Python/3.10.13/x64/lib/python3.10/site-packages/playwright/_impl/_frame.py\", line 212, in continuation\n    event = await waiter.result()\nplaywright._impl._errors.TimeoutError: Timeout 30000ms exceeded.\n=========================== logs ===========================\nwaiting for navigation to \"https://store.epicgames.com/en-US/cart/success\" until 'load'\n============================================================\n\nDuring handling of the above exception, another exception occurred:\n\nTraceback (most recent call last):\n  File \"/home/runner/work/HI-plus/HI-plus/epic/src/claim.py\", line 162, in <module>\n    asyncio.run(run())\n  File \"/opt/hostedtoolcache/Python/3.10.13/x64/lib/python3.10/asyncio/runners.py\", line 44, in run\n    return loop.run_until_complete(main)\n  File \"/opt/hostedtoolcache/Python/3.10.13/x64/lib/python3.10/asyncio/base_events.py\", line 636, in run_until_complete\n    self.run_forever()\n  File \"/opt/hostedtoolcache/Python/3.10.13/x64/lib/python3.10/asyncio/base_events.py\", line 603, in run_forever\n    self._run_once()\n  File \"/opt/hostedtoolcache/Python/3.10.13/x64/lib/python3.10/asyncio/base_events.py\", line 1909, in _run_once\n    handle._run()\n  File \"/opt/hostedtoolcache/Python/3.10.13/x64/lib/python3.10/asyncio/events.py\", line 80, in _run\n    self._context.run(self._callback, *self._args)\n> File \"/home/runner/work/HI-plus/HI-plus/epic/src/claim.py\", line 158, in run\n    await agent.stash()\n  File \"/home/runner/work/HI-plus/HI-plus/epic/src/claim.py\", line 139, in stash\n    async with async_playwright() as p:\n  File \"/opt/hostedtoolcache/Python/3.10.13/x64/lib/python3.10/site-packages/playwright/async_api/_context_manager.py\", line 58, in __aexit__\n    await self._connection.stop_async()\n  File \"/opt/hostedtoolcache/Python/3.10.13/x64/lib/python3.10/site-packages/playwright/_impl/_connection.py\", line 289, in stop_async\n    self.cleanup()\n  File \"/opt/hostedtoolcache/Python/3.10.13/x64/lib/python3.10/site-packages/playwright/_impl/_connection.py\", line 300, in cleanup\n    callback.future.set_exception(self._closed_error)\nasyncio.exceptions.InvalidStateError: invalid state\n", "record": {"elapsed": {"repr": "0:03:11.058217", "seconds": 191.058217}, "exception": {"type": "InvalidStateError", "value": "invalid state", "traceback": true}, "extra": {}, "file": {"name": "claim.py", "path": "/home/runner/work/HI-plus/HI-plus/epic/src/claim.py"}, "function": "run", "level": {"icon": "‚ùå", "name": "ERROR", "no": 40}, "line": 158, "message": "An error has been caught in function 'run', process 'MainProcess' (3560), thread 'MainThread' (140594972351360):", "module": "claim", "name": "__main__", "process": {"id": 3560, "name": "MainProcess"}, "thread": {"id": 140594972351360, "name": "MainThread"}, "time": {"repr": "2024-02-11 12:30:21.056291+08:00", "timestamp": 1707625821.056291}}}
