{"text": "2024-02-09 12:49:36 | INFO    | __main__:stash:131 | run - {'image': '20231121', 'version': '0.10.1.post2', 'role': 'EpicPlayer', 'headless': True}\n", "record": {"elapsed": {"repr": "0:00:01.397759", "seconds": 1.397759}, "exception": null, "extra": {"image": "20231121", "version": "0.10.1.post2", "role": "EpicPlayer", "headless": true}, "file": {"name": "claim.py", "path": "/home/runner/work/HI-plus/HI-plus/epic/src/claim.py"}, "function": "stash", "level": {"icon": "‚ÑπÔ∏è", "name": "INFO", "no": 20}, "line": 131, "message": "run", "module": "claim", "name": "__main__", "process": {"id": 3497, "name": "MainProcess"}, "thread": {"id": 140250579909504, "name": "MainThread"}, "time": {"repr": "2024-02-09 12:49:36.622177+08:00", "timestamp": 1707454176.622177}}}
{"text": "2024-02-09 12:49:41 | WARNING    | epic_games.agent:get_order_history:467 | Failed to get order history, cookie may have expired - {}\n", "record": {"elapsed": {"repr": "0:00:06.594815", "seconds": 6.594815}, "exception": null, "extra": {}, "file": {"name": "agent.py", "path": "/home/runner/work/HI-plus/HI-plus/epic/src/epic_games/agent.py"}, "function": "get_order_history", "level": {"icon": "‚ö†Ô∏è", "name": "WARNING", "no": 30}, "line": 467, "message": "Failed to get order history, cookie may have expired", "module": "agent", "name": "epic_games.agent", "process": {"id": 3497, "name": "MainProcess"}, "thread": {"id": 140250579909504, "name": "MainThread"}, "time": {"repr": "2024-02-09 12:49:41.819233+08:00", "timestamp": 1707454181.819233}}}
{"text": "2024-02-09 12:49:42 | DEBUG    | __main__:create_tasks:66 | Put task - {'title': 'Doki Doki Literature Club Plus!', 'url': 'https://store.epicgames.com/en-US/p/doki-doki-literature-club-plus'}\n", "record": {"elapsed": {"repr": "0:00:06.905351", "seconds": 6.905351}, "exception": null, "extra": {"title": "Doki Doki Literature Club Plus!", "url": "https://store.epicgames.com/en-US/p/doki-doki-literature-club-plus"}, "file": {"name": "claim.py", "path": "/home/runner/work/HI-plus/HI-plus/epic/src/claim.py"}, "function": "create_tasks", "level": {"icon": "üêû", "name": "DEBUG", "no": 10}, "line": 66, "message": "Put task", "module": "claim", "name": "__main__", "process": {"id": 3497, "name": "MainProcess"}, "thread": {"id": 140250579909504, "name": "MainThread"}, "time": {"repr": "2024-02-09 12:49:42.129769+08:00", "timestamp": 1707454182.129769}}}
{"text": "2024-02-09 12:49:42 | DEBUG    | __main__:create_tasks:66 | Put task - {'title': 'Lost Castle', 'url': 'https://store.epicgames.com/en-US/p/lost-castle-abb2e2'}\n", "record": {"elapsed": {"repr": "0:00:06.905820", "seconds": 6.90582}, "exception": null, "extra": {"title": "Lost Castle", "url": "https://store.epicgames.com/en-US/p/lost-castle-abb2e2"}, "file": {"name": "claim.py", "path": "/home/runner/work/HI-plus/HI-plus/epic/src/claim.py"}, "function": "create_tasks", "level": {"icon": "üêû", "name": "DEBUG", "no": 10}, "line": 66, "message": "Put task", "module": "claim", "name": "__main__", "process": {"id": 3497, "name": "MainProcess"}, "thread": {"id": 140250579909504, "name": "MainThread"}, "time": {"repr": "2024-02-09 12:49:42.130238+08:00", "timestamp": 1707454182.130238}}}
{"text": "2024-02-09 12:49:46 | INFO    | epic_games.agent:claim_weekly_games:294 | claim_weekly_games - {'action': 'go to store', 'url': 'https://store.epicgames.com/en-US/p/doki-doki-literature-club-plus'}\n", "record": {"elapsed": {"repr": "0:00:11.290281", "seconds": 11.290281}, "exception": null, "extra": {"action": "go to store", "url": "https://store.epicgames.com/en-US/p/doki-doki-literature-club-plus"}, "file": {"name": "agent.py", "path": "/home/runner/work/HI-plus/HI-plus/epic/src/epic_games/agent.py"}, "function": "claim_weekly_games", "level": {"icon": "‚ÑπÔ∏è", "name": "INFO", "no": 20}, "line": 294, "message": "claim_weekly_games", "module": "agent", "name": "epic_games.agent", "process": {"id": 3497, "name": "MainProcess"}, "thread": {"id": 140250579909504, "name": "MainThread"}, "time": {"repr": "2024-02-09 12:49:46.514699+08:00", "timestamp": 1707454186.514699}}}
{"text": "2024-02-09 12:49:49 | INFO    | epic_games.agent:claim_weekly_games:294 | claim_weekly_games - {'action': 'go to store', 'url': 'https://store.epicgames.com/en-US/p/lost-castle-abb2e2'}\n", "record": {"elapsed": {"repr": "0:00:14.530595", "seconds": 14.530595}, "exception": null, "extra": {"action": "go to store", "url": "https://store.epicgames.com/en-US/p/lost-castle-abb2e2"}, "file": {"name": "agent.py", "path": "/home/runner/work/HI-plus/HI-plus/epic/src/epic_games/agent.py"}, "function": "claim_weekly_games", "level": {"icon": "‚ÑπÔ∏è", "name": "INFO", "no": 20}, "line": 294, "message": "claim_weekly_games", "module": "agent", "name": "epic_games.agent", "process": {"id": 3497, "name": "MainProcess"}, "thread": {"id": 140250579909504, "name": "MainThread"}, "time": {"repr": "2024-02-09 12:49:49.755013+08:00", "timestamp": 1707454189.755013}}}
{"text": "2024-02-09 12:49:59 | INFO    | epic_games.agent:claim_weekly_games:326 | claim_weekly_games - {'action': 'move to webPurchaseContainer iframe'}\n", "record": {"elapsed": {"repr": "0:00:23.837101", "seconds": 23.837101}, "exception": null, "extra": {"action": "move to webPurchaseContainer iframe"}, "file": {"name": "agent.py", "path": "/home/runner/work/HI-plus/HI-plus/epic/src/epic_games/agent.py"}, "function": "claim_weekly_games", "level": {"icon": "‚ÑπÔ∏è", "name": "INFO", "no": 20}, "line": 326, "message": "claim_weekly_games", "module": "agent", "name": "epic_games.agent", "process": {"id": 3497, "name": "MainProcess"}, "thread": {"id": 140250579909504, "name": "MainThread"}, "time": {"repr": "2024-02-09 12:49:59.061519+08:00", "timestamp": 1707454199.061519}}}
{"text": "2024-02-09 12:50:01 | INFO    | epic_games.agent:claim_weekly_games:328 | claim_weekly_games - {'action': 'click payment button'}\n", "record": {"elapsed": {"repr": "0:00:26.243648", "seconds": 26.243648}, "exception": null, "extra": {"action": "click payment button"}, "file": {"name": "agent.py", "path": "/home/runner/work/HI-plus/HI-plus/epic/src/epic_games/agent.py"}, "function": "claim_weekly_games", "level": {"icon": "‚ÑπÔ∏è", "name": "INFO", "no": 20}, "line": 328, "message": "claim_weekly_games", "module": "agent", "name": "epic_games.agent", "process": {"id": 3497, "name": "MainProcess"}, "thread": {"id": 140250579909504, "name": "MainThread"}, "time": {"repr": "2024-02-09 12:50:01.468066+08:00", "timestamp": 1707454201.468066}}}
{"text": "2024-02-09 12:50:06 | DEBUG    | hcaptcha_challenger.agents.playwright.control:_parse_label:241 | get task - {'prompt': 'Please click on the object that differs from ot“ªers.'}\n", "record": {"elapsed": {"repr": "0:00:31.245756", "seconds": 31.245756}, "exception": null, "extra": {"prompt": "Please click on the object that differs from ot“ªers."}, "file": {"name": "control.py", "path": "/opt/hostedtoolcache/Python/3.10.13/x64/lib/python3.10/site-packages/hcaptcha_challenger/agents/playwright/control.py"}, "function": "_parse_label", "level": {"icon": "üêû", "name": "DEBUG", "no": 10}, "line": 241, "message": "get task", "module": "control", "name": "hcaptcha_challenger.agents.playwright.control", "process": {"id": 3497, "name": "MainProcess"}, "thread": {"id": 140250579909504, "name": "MainThread"}, "time": {"repr": "2024-02-09 12:50:06.470174+08:00", "timestamp": 1707454206.470174}}}
{"text": "2024-02-09 12:50:11 | DEBUG    | epic_games.agent:insert_challenge:106 | task done - {'sattus': 'success'}\n", "record": {"elapsed": {"repr": "0:00:36.288643", "seconds": 36.288643}, "exception": null, "extra": {"sattus": "success"}, "file": {"name": "agent.py", "path": "/home/runner/work/HI-plus/HI-plus/epic/src/epic_games/agent.py"}, "function": "insert_challenge", "level": {"icon": "üêû", "name": "DEBUG", "no": 10}, "line": 106, "message": "task done", "module": "agent", "name": "epic_games.agent", "process": {"id": 3497, "name": "MainProcess"}, "thread": {"id": 140250579909504, "name": "MainThread"}, "time": {"repr": "2024-02-09 12:50:11.513061+08:00", "timestamp": 1707454211.513061}}}
{"text": "2024-02-09 12:50:43 | INFO    | epic_games.agent:claim_weekly_games:294 | claim_weekly_games - {'action': 'go to store', 'url': 'https://store.epicgames.com/en-US/p/doki-doki-literature-club-plus'}\n", "record": {"elapsed": {"repr": "0:01:08.444492", "seconds": 68.444492}, "exception": null, "extra": {"action": "go to store", "url": "https://store.epicgames.com/en-US/p/doki-doki-literature-club-plus"}, "file": {"name": "agent.py", "path": "/home/runner/work/HI-plus/HI-plus/epic/src/epic_games/agent.py"}, "function": "claim_weekly_games", "level": {"icon": "‚ÑπÔ∏è", "name": "INFO", "no": 20}, "line": 294, "message": "claim_weekly_games", "module": "agent", "name": "epic_games.agent", "process": {"id": 3497, "name": "MainProcess"}, "thread": {"id": 140250579909504, "name": "MainThread"}, "time": {"repr": "2024-02-09 12:50:43.668910+08:00", "timestamp": 1707454243.66891}}}
{"text": "2024-02-09 12:50:48 | INFO    | epic_games.agent:claim_weekly_games:294 | claim_weekly_games - {'action': 'go to store', 'url': 'https://store.epicgames.com/en-US/p/lost-castle-abb2e2'}\n", "record": {"elapsed": {"repr": "0:01:13.191568", "seconds": 73.191568}, "exception": null, "extra": {"action": "go to store", "url": "https://store.epicgames.com/en-US/p/lost-castle-abb2e2"}, "file": {"name": "agent.py", "path": "/home/runner/work/HI-plus/HI-plus/epic/src/epic_games/agent.py"}, "function": "claim_weekly_games", "level": {"icon": "‚ÑπÔ∏è", "name": "INFO", "no": 20}, "line": 294, "message": "claim_weekly_games", "module": "agent", "name": "epic_games.agent", "process": {"id": 3497, "name": "MainProcess"}, "thread": {"id": 140250579909504, "name": "MainThread"}, "time": {"repr": "2024-02-09 12:50:48.415986+08:00", "timestamp": 1707454248.415986}}}
{"text": "2024-02-09 12:50:57 | INFO    | epic_games.agent:claim_weekly_games:326 | claim_weekly_games - {'action': 'move to webPurchaseContainer iframe'}\n", "record": {"elapsed": {"repr": "0:01:21.866583", "seconds": 81.866583}, "exception": null, "extra": {"action": "move to webPurchaseContainer iframe"}, "file": {"name": "agent.py", "path": "/home/runner/work/HI-plus/HI-plus/epic/src/epic_games/agent.py"}, "function": "claim_weekly_games", "level": {"icon": "‚ÑπÔ∏è", "name": "INFO", "no": 20}, "line": 326, "message": "claim_weekly_games", "module": "agent", "name": "epic_games.agent", "process": {"id": 3497, "name": "MainProcess"}, "thread": {"id": 140250579909504, "name": "MainThread"}, "time": {"repr": "2024-02-09 12:50:57.091001+08:00", "timestamp": 1707454257.091001}}}
{"text": "2024-02-09 12:50:59 | INFO    | epic_games.agent:claim_weekly_games:328 | claim_weekly_games - {'action': 'click payment button'}\n", "record": {"elapsed": {"repr": "0:01:24.265971", "seconds": 84.265971}, "exception": null, "extra": {"action": "click payment button"}, "file": {"name": "agent.py", "path": "/home/runner/work/HI-plus/HI-plus/epic/src/epic_games/agent.py"}, "function": "claim_weekly_games", "level": {"icon": "‚ÑπÔ∏è", "name": "INFO", "no": 20}, "line": 328, "message": "claim_weekly_games", "module": "agent", "name": "epic_games.agent", "process": {"id": 3497, "name": "MainProcess"}, "thread": {"id": 140250579909504, "name": "MainThread"}, "time": {"repr": "2024-02-09 12:50:59.490389+08:00", "timestamp": 1707454259.490389}}}
{"text": "2024-02-09 12:51:04 | DEBUG    | hcaptcha_challenger.agents.playwright.control:_parse_label:241 | get task - {'prompt': 'Please —Åli—Åk on the object that differs frŒøm others.'}\n", "record": {"elapsed": {"repr": "0:01:29.268244", "seconds": 89.268244}, "exception": null, "extra": {"prompt": "Please —Åli—Åk on the object that differs frŒøm others."}, "file": {"name": "control.py", "path": "/opt/hostedtoolcache/Python/3.10.13/x64/lib/python3.10/site-packages/hcaptcha_challenger/agents/playwright/control.py"}, "function": "_parse_label", "level": {"icon": "üêû", "name": "DEBUG", "no": 10}, "line": 241, "message": "get task", "module": "control", "name": "hcaptcha_challenger.agents.playwright.control", "process": {"id": 3497, "name": "MainProcess"}, "thread": {"id": 140250579909504, "name": "MainThread"}, "time": {"repr": "2024-02-09 12:51:04.492662+08:00", "timestamp": 1707454264.492662}}}
{"text": "2024-02-09 12:51:09 | DEBUG    | epic_games.agent:insert_challenge:106 | task done - {'sattus': 'success'}\n", "record": {"elapsed": {"repr": "0:01:34.241112", "seconds": 94.241112}, "exception": null, "extra": {"sattus": "success"}, "file": {"name": "agent.py", "path": "/home/runner/work/HI-plus/HI-plus/epic/src/epic_games/agent.py"}, "function": "insert_challenge", "level": {"icon": "üêû", "name": "DEBUG", "no": 10}, "line": 106, "message": "task done", "module": "agent", "name": "epic_games.agent", "process": {"id": 3497, "name": "MainProcess"}, "thread": {"id": 140250579909504, "name": "MainThread"}, "time": {"repr": "2024-02-09 12:51:09.465530+08:00", "timestamp": 1707454269.46553}}}
{"text": "2024-02-09 12:51:41 | INFO    | epic_games.agent:claim_weekly_games:294 | claim_weekly_games - {'action': 'go to store', 'url': 'https://store.epicgames.com/en-US/p/doki-doki-literature-club-plus'}\n", "record": {"elapsed": {"repr": "0:02:06.397432", "seconds": 126.397432}, "exception": null, "extra": {"action": "go to store", "url": "https://store.epicgames.com/en-US/p/doki-doki-literature-club-plus"}, "file": {"name": "agent.py", "path": "/home/runner/work/HI-plus/HI-plus/epic/src/epic_games/agent.py"}, "function": "claim_weekly_games", "level": {"icon": "‚ÑπÔ∏è", "name": "INFO", "no": 20}, "line": 294, "message": "claim_weekly_games", "module": "agent", "name": "epic_games.agent", "process": {"id": 3497, "name": "MainProcess"}, "thread": {"id": 140250579909504, "name": "MainThread"}, "time": {"repr": "2024-02-09 12:51:41.621850+08:00", "timestamp": 1707454301.62185}}}
{"text": "2024-02-09 12:51:46 | INFO    | epic_games.agent:claim_weekly_games:294 | claim_weekly_games - {'action': 'go to store', 'url': 'https://store.epicgames.com/en-US/p/lost-castle-abb2e2'}\n", "record": {"elapsed": {"repr": "0:02:11.126916", "seconds": 131.126916}, "exception": null, "extra": {"action": "go to store", "url": "https://store.epicgames.com/en-US/p/lost-castle-abb2e2"}, "file": {"name": "agent.py", "path": "/home/runner/work/HI-plus/HI-plus/epic/src/epic_games/agent.py"}, "function": "claim_weekly_games", "level": {"icon": "‚ÑπÔ∏è", "name": "INFO", "no": 20}, "line": 294, "message": "claim_weekly_games", "module": "agent", "name": "epic_games.agent", "process": {"id": 3497, "name": "MainProcess"}, "thread": {"id": 140250579909504, "name": "MainThread"}, "time": {"repr": "2024-02-09 12:51:46.351334+08:00", "timestamp": 1707454306.351334}}}
{"text": "2024-02-09 12:51:55 | INFO    | epic_games.agent:claim_weekly_games:326 | claim_weekly_games - {'action': 'move to webPurchaseContainer iframe'}\n", "record": {"elapsed": {"repr": "0:02:19.898894", "seconds": 139.898894}, "exception": null, "extra": {"action": "move to webPurchaseContainer iframe"}, "file": {"name": "agent.py", "path": "/home/runner/work/HI-plus/HI-plus/epic/src/epic_games/agent.py"}, "function": "claim_weekly_games", "level": {"icon": "‚ÑπÔ∏è", "name": "INFO", "no": 20}, "line": 326, "message": "claim_weekly_games", "module": "agent", "name": "epic_games.agent", "process": {"id": 3497, "name": "MainProcess"}, "thread": {"id": 140250579909504, "name": "MainThread"}, "time": {"repr": "2024-02-09 12:51:55.123312+08:00", "timestamp": 1707454315.123312}}}
{"text": "2024-02-09 12:51:57 | INFO    | epic_games.agent:claim_weekly_games:328 | claim_weekly_games - {'action': 'click payment button'}\n", "record": {"elapsed": {"repr": "0:02:22.299626", "seconds": 142.299626}, "exception": null, "extra": {"action": "click payment button"}, "file": {"name": "agent.py", "path": "/home/runner/work/HI-plus/HI-plus/epic/src/epic_games/agent.py"}, "function": "claim_weekly_games", "level": {"icon": "‚ÑπÔ∏è", "name": "INFO", "no": 20}, "line": 328, "message": "claim_weekly_games", "module": "agent", "name": "epic_games.agent", "process": {"id": 3497, "name": "MainProcess"}, "thread": {"id": 140250579909504, "name": "MainThread"}, "time": {"repr": "2024-02-09 12:51:57.524044+08:00", "timestamp": 1707454317.524044}}}
{"text": "2024-02-09 12:52:02 | DEBUG    | hcaptcha_challenger.agents.playwright.control:_parse_label:241 | get task - {'prompt': 'Œ°lease click on t“ªe object that differs from others.'}\n", "record": {"elapsed": {"repr": "0:02:27.301848", "seconds": 147.301848}, "exception": null, "extra": {"prompt": "Œ°lease click on t“ªe object that differs from others."}, "file": {"name": "control.py", "path": "/opt/hostedtoolcache/Python/3.10.13/x64/lib/python3.10/site-packages/hcaptcha_challenger/agents/playwright/control.py"}, "function": "_parse_label", "level": {"icon": "üêû", "name": "DEBUG", "no": 10}, "line": 241, "message": "get task", "module": "control", "name": "hcaptcha_challenger.agents.playwright.control", "process": {"id": 3497, "name": "MainProcess"}, "thread": {"id": 140250579909504, "name": "MainThread"}, "time": {"repr": "2024-02-09 12:52:02.526266+08:00", "timestamp": 1707454322.526266}}}
{"text": "2024-02-09 12:52:33 | DEBUG    | hcaptcha_challenger.agents.playwright.control:_parse_label:241 | get task - {'prompt': 'Please —Ålick ea—Åh image containing a house'}\n", "record": {"elapsed": {"repr": "0:02:57.917960", "seconds": 177.91796}, "exception": null, "extra": {"prompt": "Please —Ålick ea—Åh image containing a house"}, "file": {"name": "control.py", "path": "/opt/hostedtoolcache/Python/3.10.13/x64/lib/python3.10/site-packages/hcaptcha_challenger/agents/playwright/control.py"}, "function": "_parse_label", "level": {"icon": "üêû", "name": "DEBUG", "no": 10}, "line": 241, "message": "get task", "module": "control", "name": "hcaptcha_challenger.agents.playwright.control", "process": {"id": 3497, "name": "MainProcess"}, "thread": {"id": 140250579909504, "name": "MainThread"}, "time": {"repr": "2024-02-09 12:52:33.142378+08:00", "timestamp": 1707454353.142378}}}
{"text": "2024-02-09 12:52:34 | DEBUG    | hcaptcha_challenger.agents.playwright.control:_catch_all_binary_challenge:474 | handle task - {'unsupervised': 'binary', 'candidate_labels': ['This is a picture that looks like house.', \"This is a picture that don't look like house.\"], 'prompt': 'Please —Ålick ea—Åh image containing a house', 'timit': '0.919s'}\n", "record": {"elapsed": {"repr": "0:02:58.963008", "seconds": 178.963008}, "exception": null, "extra": {"unsupervised": "binary", "candidate_labels": ["This is a picture that looks like house.", "This is a picture that don't look like house."], "prompt": "Please —Ålick ea—Åh image containing a house", "timit": "0.919s"}, "file": {"name": "control.py", "path": "/opt/hostedtoolcache/Python/3.10.13/x64/lib/python3.10/site-packages/hcaptcha_challenger/agents/playwright/control.py"}, "function": "_catch_all_binary_challenge", "level": {"icon": "üêû", "name": "DEBUG", "no": 10}, "line": 474, "message": "handle task", "module": "control", "name": "hcaptcha_challenger.agents.playwright.control", "process": {"id": 3497, "name": "MainProcess"}, "thread": {"id": 140250579909504, "name": "MainThread"}, "time": {"repr": "2024-02-09 12:52:34.187426+08:00", "timestamp": 1707454354.187426}}}
{"text": "2024-02-09 12:52:46 | DEBUG    | epic_games.agent:insert_challenge:106 | task done - {'sattus': 'success'}\n", "record": {"elapsed": {"repr": "0:03:11.672603", "seconds": 191.672603}, "exception": null, "extra": {"sattus": "success"}, "file": {"name": "agent.py", "path": "/home/runner/work/HI-plus/HI-plus/epic/src/epic_games/agent.py"}, "function": "insert_challenge", "level": {"icon": "üêû", "name": "DEBUG", "no": 10}, "line": 106, "message": "task done", "module": "agent", "name": "epic_games.agent", "process": {"id": 3497, "name": "MainProcess"}, "thread": {"id": 140250579909504, "name": "MainThread"}, "time": {"repr": "2024-02-09 12:52:46.897021+08:00", "timestamp": 1707454366.897021}}}
{"text": "2024-02-09 12:53:18 | ERROR    | __main__:run:158 | An error has been caught in function 'run', process 'MainProcess' (3497), thread 'MainThread' (140250579909504): - {}\nTraceback (most recent call last):\n  File \"/home/runner/work/HI-plus/HI-plus/epic/src/claim.py\", line 151, in stash\n    await self.claim_epic_games(context)\n  File \"/home/runner/work/HI-plus/HI-plus/epic/src/claim.py\", line 122, in claim_epic_games\n    await epic.claim_weekly_games(page, single_promotions)\n  File \"/opt/hostedtoolcache/Python/3.10.13/x64/lib/python3.10/site-packages/tenacity/_asyncio.py\", line 88, in async_wrapped\n    return await fn(*args, **kwargs)\n  File \"/opt/hostedtoolcache/Python/3.10.13/x64/lib/python3.10/site-packages/tenacity/_asyncio.py\", line 47, in __call__\n    do = self.iter(retry_state=retry_state)\n  File \"/opt/hostedtoolcache/Python/3.10.13/x64/lib/python3.10/site-packages/tenacity/__init__.py\", line 325, in iter\n    raise retry_exc.reraise()\n  File \"/opt/hostedtoolcache/Python/3.10.13/x64/lib/python3.10/site-packages/tenacity/__init__.py\", line 158, in reraise\n    raise self.last_attempt.result()\n  File \"/opt/hostedtoolcache/Python/3.10.13/x64/lib/python3.10/concurrent/futures/_base.py\", line 451, in result\n    return self.__get_result()\n  File \"/opt/hostedtoolcache/Python/3.10.13/x64/lib/python3.10/concurrent/futures/_base.py\", line 403, in __get_result\n    raise self._exception\n  File \"/opt/hostedtoolcache/Python/3.10.13/x64/lib/python3.10/site-packages/tenacity/_asyncio.py\", line 50, in __call__\n    result = await fn(*args, **kwargs)\n  File \"/home/runner/work/HI-plus/HI-plus/epic/src/epic_games/agent.py\", line 338, in claim_weekly_games\n    await page.wait_for_url(recur_url)\n  File \"/opt/hostedtoolcache/Python/3.10.13/x64/lib/python3.10/site-packages/playwright/async_api/_generated.py\", line 9432, in wait_for_url\n    await self._impl_obj.wait_for_url(\n  File \"/opt/hostedtoolcache/Python/3.10.13/x64/lib/python3.10/site-packages/playwright/_impl/_page.py\", line 508, in wait_for_url\n    return await self._main_frame.wait_for_url(**locals_to_params(locals()))\n  File \"/opt/hostedtoolcache/Python/3.10.13/x64/lib/python3.10/site-packages/playwright/_impl/_frame.py\", line 237, in wait_for_url\n    async with self.expect_navigation(\n  File \"/opt/hostedtoolcache/Python/3.10.13/x64/lib/python3.10/site-packages/playwright/_impl/_event_context_manager.py\", line 33, in __aexit__\n    await self._future\n  File \"/opt/hostedtoolcache/Python/3.10.13/x64/lib/python3.10/site-packages/playwright/_impl/_frame.py\", line 212, in continuation\n    event = await waiter.result()\nplaywright._impl._errors.TimeoutError: Timeout 30000ms exceeded.\n=========================== logs ===========================\nwaiting for navigation to \"https://store.epicgames.com/en-US/cart/success\" until 'load'\n============================================================\n\nDuring handling of the above exception, another exception occurred:\n\nTraceback (most recent call last):\n  File \"/home/runner/work/HI-plus/HI-plus/epic/src/claim.py\", line 162, in <module>\n    asyncio.run(run())\n  File \"/opt/hostedtoolcache/Python/3.10.13/x64/lib/python3.10/asyncio/runners.py\", line 44, in run\n    return loop.run_until_complete(main)\n  File \"/opt/hostedtoolcache/Python/3.10.13/x64/lib/python3.10/asyncio/base_events.py\", line 636, in run_until_complete\n    self.run_forever()\n  File \"/opt/hostedtoolcache/Python/3.10.13/x64/lib/python3.10/asyncio/base_events.py\", line 603, in run_forever\n    self._run_once()\n  File \"/opt/hostedtoolcache/Python/3.10.13/x64/lib/python3.10/asyncio/base_events.py\", line 1909, in _run_once\n    handle._run()\n  File \"/opt/hostedtoolcache/Python/3.10.13/x64/lib/python3.10/asyncio/events.py\", line 80, in _run\n    self._context.run(self._callback, *self._args)\n> File \"/home/runner/work/HI-plus/HI-plus/epic/src/claim.py\", line 158, in run\n    await agent.stash()\n  File \"/home/runner/work/HI-plus/HI-plus/epic/src/claim.py\", line 139, in stash\n    async with async_playwright() as p:\n  File \"/opt/hostedtoolcache/Python/3.10.13/x64/lib/python3.10/site-packages/playwright/async_api/_context_manager.py\", line 58, in __aexit__\n    await self._connection.stop_async()\n  File \"/opt/hostedtoolcache/Python/3.10.13/x64/lib/python3.10/site-packages/playwright/_impl/_connection.py\", line 289, in stop_async\n    self.cleanup()\n  File \"/opt/hostedtoolcache/Python/3.10.13/x64/lib/python3.10/site-packages/playwright/_impl/_connection.py\", line 300, in cleanup\n    callback.future.set_exception(self._closed_error)\nasyncio.exceptions.InvalidStateError: invalid state\n", "record": {"elapsed": {"repr": "0:03:43.548708", "seconds": 223.548708}, "exception": {"type": "InvalidStateError", "value": "invalid state", "traceback": true}, "extra": {}, "file": {"name": "claim.py", "path": "/home/runner/work/HI-plus/HI-plus/epic/src/claim.py"}, "function": "run", "level": {"icon": "‚ùå", "name": "ERROR", "no": 40}, "line": 158, "message": "An error has been caught in function 'run', process 'MainProcess' (3497), thread 'MainThread' (140250579909504):", "module": "claim", "name": "__main__", "process": {"id": 3497, "name": "MainProcess"}, "thread": {"id": 140250579909504, "name": "MainThread"}, "time": {"repr": "2024-02-09 12:53:18.773126+08:00", "timestamp": 1707454398.773126}}}
