{"text": "2024-02-10 12:28:38 | INFO    | __main__:stash:131 | run - {'image': '20231121', 'version': '0.10.1.post2', 'role': 'EpicPlayer', 'headless': True}\n", "record": {"elapsed": {"repr": "0:00:01.513103", "seconds": 1.513103}, "exception": null, "extra": {"image": "20231121", "version": "0.10.1.post2", "role": "EpicPlayer", "headless": true}, "file": {"name": "claim.py", "path": "/home/runner/work/HI-plus/HI-plus/epic/src/claim.py"}, "function": "stash", "level": {"icon": "‚ÑπÔ∏è", "name": "INFO", "no": 20}, "line": 131, "message": "run", "module": "claim", "name": "__main__", "process": {"id": 3570, "name": "MainProcess"}, "thread": {"id": 139802007595904, "name": "MainThread"}, "time": {"repr": "2024-02-10 12:28:38.716285+08:00", "timestamp": 1707539318.716285}}}
{"text": "2024-02-10 12:28:45 | WARNING    | epic_games.agent:get_order_history:467 | Failed to get order history, cookie may have expired - {}\n", "record": {"elapsed": {"repr": "0:00:08.195732", "seconds": 8.195732}, "exception": null, "extra": {}, "file": {"name": "agent.py", "path": "/home/runner/work/HI-plus/HI-plus/epic/src/epic_games/agent.py"}, "function": "get_order_history", "level": {"icon": "‚ö†Ô∏è", "name": "WARNING", "no": 30}, "line": 467, "message": "Failed to get order history, cookie may have expired", "module": "agent", "name": "epic_games.agent", "process": {"id": 3570, "name": "MainProcess"}, "thread": {"id": 139802007595904, "name": "MainThread"}, "time": {"repr": "2024-02-10 12:28:45.398914+08:00", "timestamp": 1707539325.398914}}}
{"text": "2024-02-10 12:28:45 | DEBUG    | __main__:create_tasks:66 | Put task - {'title': 'Doki Doki Literature Club Plus!', 'url': 'https://store.epicgames.com/en-US/p/doki-doki-literature-club-plus'}\n", "record": {"elapsed": {"repr": "0:00:08.573088", "seconds": 8.573088}, "exception": null, "extra": {"title": "Doki Doki Literature Club Plus!", "url": "https://store.epicgames.com/en-US/p/doki-doki-literature-club-plus"}, "file": {"name": "claim.py", "path": "/home/runner/work/HI-plus/HI-plus/epic/src/claim.py"}, "function": "create_tasks", "level": {"icon": "üêû", "name": "DEBUG", "no": 10}, "line": 66, "message": "Put task", "module": "claim", "name": "__main__", "process": {"id": 3570, "name": "MainProcess"}, "thread": {"id": 139802007595904, "name": "MainThread"}, "time": {"repr": "2024-02-10 12:28:45.776270+08:00", "timestamp": 1707539325.77627}}}
{"text": "2024-02-10 12:28:45 | DEBUG    | __main__:create_tasks:66 | Put task - {'title': 'Lost Castle', 'url': 'https://store.epicgames.com/en-US/p/lost-castle-abb2e2'}\n", "record": {"elapsed": {"repr": "0:00:08.573559", "seconds": 8.573559}, "exception": null, "extra": {"title": "Lost Castle", "url": "https://store.epicgames.com/en-US/p/lost-castle-abb2e2"}, "file": {"name": "claim.py", "path": "/home/runner/work/HI-plus/HI-plus/epic/src/claim.py"}, "function": "create_tasks", "level": {"icon": "üêû", "name": "DEBUG", "no": 10}, "line": 66, "message": "Put task", "module": "claim", "name": "__main__", "process": {"id": 3570, "name": "MainProcess"}, "thread": {"id": 139802007595904, "name": "MainThread"}, "time": {"repr": "2024-02-10 12:28:45.776741+08:00", "timestamp": 1707539325.776741}}}
{"text": "2024-02-10 12:28:50 | INFO    | epic_games.agent:claim_weekly_games:294 | claim_weekly_games - {'action': 'go to store', 'url': 'https://store.epicgames.com/en-US/p/doki-doki-literature-club-plus'}\n", "record": {"elapsed": {"repr": "0:00:12.962441", "seconds": 12.962441}, "exception": null, "extra": {"action": "go to store", "url": "https://store.epicgames.com/en-US/p/doki-doki-literature-club-plus"}, "file": {"name": "agent.py", "path": "/home/runner/work/HI-plus/HI-plus/epic/src/epic_games/agent.py"}, "function": "claim_weekly_games", "level": {"icon": "‚ÑπÔ∏è", "name": "INFO", "no": 20}, "line": 294, "message": "claim_weekly_games", "module": "agent", "name": "epic_games.agent", "process": {"id": 3570, "name": "MainProcess"}, "thread": {"id": 139802007595904, "name": "MainThread"}, "time": {"repr": "2024-02-10 12:28:50.165623+08:00", "timestamp": 1707539330.165623}}}
{"text": "2024-02-10 12:28:53 | INFO    | epic_games.agent:claim_weekly_games:294 | claim_weekly_games - {'action': 'go to store', 'url': 'https://store.epicgames.com/en-US/p/lost-castle-abb2e2'}\n", "record": {"elapsed": {"repr": "0:00:16.338876", "seconds": 16.338876}, "exception": null, "extra": {"action": "go to store", "url": "https://store.epicgames.com/en-US/p/lost-castle-abb2e2"}, "file": {"name": "agent.py", "path": "/home/runner/work/HI-plus/HI-plus/epic/src/epic_games/agent.py"}, "function": "claim_weekly_games", "level": {"icon": "‚ÑπÔ∏è", "name": "INFO", "no": 20}, "line": 294, "message": "claim_weekly_games", "module": "agent", "name": "epic_games.agent", "process": {"id": 3570, "name": "MainProcess"}, "thread": {"id": 139802007595904, "name": "MainThread"}, "time": {"repr": "2024-02-10 12:28:53.542058+08:00", "timestamp": 1707539333.542058}}}
{"text": "2024-02-10 12:29:02 | INFO    | epic_games.agent:claim_weekly_games:326 | claim_weekly_games - {'action': 'move to webPurchaseContainer iframe'}\n", "record": {"elapsed": {"repr": "0:00:24.909848", "seconds": 24.909848}, "exception": null, "extra": {"action": "move to webPurchaseContainer iframe"}, "file": {"name": "agent.py", "path": "/home/runner/work/HI-plus/HI-plus/epic/src/epic_games/agent.py"}, "function": "claim_weekly_games", "level": {"icon": "‚ÑπÔ∏è", "name": "INFO", "no": 20}, "line": 326, "message": "claim_weekly_games", "module": "agent", "name": "epic_games.agent", "process": {"id": 3570, "name": "MainProcess"}, "thread": {"id": 139802007595904, "name": "MainThread"}, "time": {"repr": "2024-02-10 12:29:02.113030+08:00", "timestamp": 1707539342.11303}}}
{"text": "2024-02-10 12:29:04 | INFO    | epic_games.agent:claim_weekly_games:328 | claim_weekly_games - {'action': 'click payment button'}\n", "record": {"elapsed": {"repr": "0:00:27.308724", "seconds": 27.308724}, "exception": null, "extra": {"action": "click payment button"}, "file": {"name": "agent.py", "path": "/home/runner/work/HI-plus/HI-plus/epic/src/epic_games/agent.py"}, "function": "claim_weekly_games", "level": {"icon": "‚ÑπÔ∏è", "name": "INFO", "no": 20}, "line": 328, "message": "claim_weekly_games", "module": "agent", "name": "epic_games.agent", "process": {"id": 3570, "name": "MainProcess"}, "thread": {"id": 139802007595904, "name": "MainThread"}, "time": {"repr": "2024-02-10 12:29:04.511906+08:00", "timestamp": 1707539344.511906}}}
{"text": "2024-02-10 12:29:09 | DEBUG    | hcaptcha_challenger.agents.playwright.control:_parse_label:241 | get task - {'prompt': 'Pleas–µ cl—ñck on the obœ≥ect that d—ñff–µr—ï from others.'}\n", "record": {"elapsed": {"repr": "0:00:32.311129", "seconds": 32.311129}, "exception": null, "extra": {"prompt": "Pleas–µ cl—ñck on the obœ≥ect that d—ñff–µr—ï from others."}, "file": {"name": "control.py", "path": "/opt/hostedtoolcache/Python/3.10.13/x64/lib/python3.10/site-packages/hcaptcha_challenger/agents/playwright/control.py"}, "function": "_parse_label", "level": {"icon": "üêû", "name": "DEBUG", "no": 10}, "line": 241, "message": "get task", "module": "control", "name": "hcaptcha_challenger.agents.playwright.control", "process": {"id": 3570, "name": "MainProcess"}, "thread": {"id": 139802007595904, "name": "MainThread"}, "time": {"repr": "2024-02-10 12:29:09.514311+08:00", "timestamp": 1707539349.514311}}}
{"text": "2024-02-10 12:29:14 | DEBUG    | epic_games.agent:insert_challenge:106 | task done - {'sattus': 'success'}\n", "record": {"elapsed": {"repr": "0:00:37.262136", "seconds": 37.262136}, "exception": null, "extra": {"sattus": "success"}, "file": {"name": "agent.py", "path": "/home/runner/work/HI-plus/HI-plus/epic/src/epic_games/agent.py"}, "function": "insert_challenge", "level": {"icon": "üêû", "name": "DEBUG", "no": 10}, "line": 106, "message": "task done", "module": "agent", "name": "epic_games.agent", "process": {"id": 3570, "name": "MainProcess"}, "thread": {"id": 139802007595904, "name": "MainThread"}, "time": {"repr": "2024-02-10 12:29:14.465318+08:00", "timestamp": 1707539354.465318}}}
{"text": "2024-02-10 12:29:46 | INFO    | epic_games.agent:claim_weekly_games:294 | claim_weekly_games - {'action': 'go to store', 'url': 'https://store.epicgames.com/en-US/p/doki-doki-literature-club-plus'}\n", "record": {"elapsed": {"repr": "0:01:09.416238", "seconds": 69.416238}, "exception": null, "extra": {"action": "go to store", "url": "https://store.epicgames.com/en-US/p/doki-doki-literature-club-plus"}, "file": {"name": "agent.py", "path": "/home/runner/work/HI-plus/HI-plus/epic/src/epic_games/agent.py"}, "function": "claim_weekly_games", "level": {"icon": "‚ÑπÔ∏è", "name": "INFO", "no": 20}, "line": 294, "message": "claim_weekly_games", "module": "agent", "name": "epic_games.agent", "process": {"id": 3570, "name": "MainProcess"}, "thread": {"id": 139802007595904, "name": "MainThread"}, "time": {"repr": "2024-02-10 12:29:46.619420+08:00", "timestamp": 1707539386.61942}}}
{"text": "2024-02-10 12:29:51 | INFO    | epic_games.agent:claim_weekly_games:294 | claim_weekly_games - {'action': 'go to store', 'url': 'https://store.epicgames.com/en-US/p/lost-castle-abb2e2'}\n", "record": {"elapsed": {"repr": "0:01:14.109668", "seconds": 74.109668}, "exception": null, "extra": {"action": "go to store", "url": "https://store.epicgames.com/en-US/p/lost-castle-abb2e2"}, "file": {"name": "agent.py", "path": "/home/runner/work/HI-plus/HI-plus/epic/src/epic_games/agent.py"}, "function": "claim_weekly_games", "level": {"icon": "‚ÑπÔ∏è", "name": "INFO", "no": 20}, "line": 294, "message": "claim_weekly_games", "module": "agent", "name": "epic_games.agent", "process": {"id": 3570, "name": "MainProcess"}, "thread": {"id": 139802007595904, "name": "MainThread"}, "time": {"repr": "2024-02-10 12:29:51.312850+08:00", "timestamp": 1707539391.31285}}}
{"text": "2024-02-10 12:30:00 | INFO    | epic_games.agent:claim_weekly_games:326 | claim_weekly_games - {'action': 'move to webPurchaseContainer iframe'}\n", "record": {"elapsed": {"repr": "0:01:23.566082", "seconds": 83.566082}, "exception": null, "extra": {"action": "move to webPurchaseContainer iframe"}, "file": {"name": "agent.py", "path": "/home/runner/work/HI-plus/HI-plus/epic/src/epic_games/agent.py"}, "function": "claim_weekly_games", "level": {"icon": "‚ÑπÔ∏è", "name": "INFO", "no": 20}, "line": 326, "message": "claim_weekly_games", "module": "agent", "name": "epic_games.agent", "process": {"id": 3570, "name": "MainProcess"}, "thread": {"id": 139802007595904, "name": "MainThread"}, "time": {"repr": "2024-02-10 12:30:00.769264+08:00", "timestamp": 1707539400.769264}}}
{"text": "2024-02-10 12:30:03 | INFO    | epic_games.agent:claim_weekly_games:328 | claim_weekly_games - {'action': 'click payment button'}\n", "record": {"elapsed": {"repr": "0:01:25.937669", "seconds": 85.937669}, "exception": null, "extra": {"action": "click payment button"}, "file": {"name": "agent.py", "path": "/home/runner/work/HI-plus/HI-plus/epic/src/epic_games/agent.py"}, "function": "claim_weekly_games", "level": {"icon": "‚ÑπÔ∏è", "name": "INFO", "no": 20}, "line": 328, "message": "claim_weekly_games", "module": "agent", "name": "epic_games.agent", "process": {"id": 3570, "name": "MainProcess"}, "thread": {"id": 139802007595904, "name": "MainThread"}, "time": {"repr": "2024-02-10 12:30:03.140851+08:00", "timestamp": 1707539403.140851}}}
{"text": "2024-02-10 12:30:08 | DEBUG    | hcaptcha_challenger.agents.playwright.control:_parse_label:241 | get task - {'prompt': 'Ple–∞se click on the object th–∞t differs from others.'}\n", "record": {"elapsed": {"repr": "0:01:30.940153", "seconds": 90.940153}, "exception": null, "extra": {"prompt": "Ple–∞se click on the object th–∞t differs from others."}, "file": {"name": "control.py", "path": "/opt/hostedtoolcache/Python/3.10.13/x64/lib/python3.10/site-packages/hcaptcha_challenger/agents/playwright/control.py"}, "function": "_parse_label", "level": {"icon": "üêû", "name": "DEBUG", "no": 10}, "line": 241, "message": "get task", "module": "control", "name": "hcaptcha_challenger.agents.playwright.control", "process": {"id": 3570, "name": "MainProcess"}, "thread": {"id": 139802007595904, "name": "MainThread"}, "time": {"repr": "2024-02-10 12:30:08.143335+08:00", "timestamp": 1707539408.143335}}}
{"text": "2024-02-10 12:30:13 | DEBUG    | epic_games.agent:insert_challenge:106 | task done - {'sattus': 'success'}\n", "record": {"elapsed": {"repr": "0:01:35.863817", "seconds": 95.863817}, "exception": null, "extra": {"sattus": "success"}, "file": {"name": "agent.py", "path": "/home/runner/work/HI-plus/HI-plus/epic/src/epic_games/agent.py"}, "function": "insert_challenge", "level": {"icon": "üêû", "name": "DEBUG", "no": 10}, "line": 106, "message": "task done", "module": "agent", "name": "epic_games.agent", "process": {"id": 3570, "name": "MainProcess"}, "thread": {"id": 139802007595904, "name": "MainThread"}, "time": {"repr": "2024-02-10 12:30:13.066999+08:00", "timestamp": 1707539413.066999}}}
{"text": "2024-02-10 12:30:45 | INFO    | epic_games.agent:claim_weekly_games:294 | claim_weekly_games - {'action': 'go to store', 'url': 'https://store.epicgames.com/en-US/p/doki-doki-literature-club-plus'}\n", "record": {"elapsed": {"repr": "0:02:07.999314", "seconds": 127.999314}, "exception": null, "extra": {"action": "go to store", "url": "https://store.epicgames.com/en-US/p/doki-doki-literature-club-plus"}, "file": {"name": "agent.py", "path": "/home/runner/work/HI-plus/HI-plus/epic/src/epic_games/agent.py"}, "function": "claim_weekly_games", "level": {"icon": "‚ÑπÔ∏è", "name": "INFO", "no": 20}, "line": 294, "message": "claim_weekly_games", "module": "agent", "name": "epic_games.agent", "process": {"id": 3570, "name": "MainProcess"}, "thread": {"id": 139802007595904, "name": "MainThread"}, "time": {"repr": "2024-02-10 12:30:45.202496+08:00", "timestamp": 1707539445.202496}}}
{"text": "2024-02-10 12:30:49 | INFO    | epic_games.agent:claim_weekly_games:294 | claim_weekly_games - {'action': 'go to store', 'url': 'https://store.epicgames.com/en-US/p/lost-castle-abb2e2'}\n", "record": {"elapsed": {"repr": "0:02:12.705086", "seconds": 132.705086}, "exception": null, "extra": {"action": "go to store", "url": "https://store.epicgames.com/en-US/p/lost-castle-abb2e2"}, "file": {"name": "agent.py", "path": "/home/runner/work/HI-plus/HI-plus/epic/src/epic_games/agent.py"}, "function": "claim_weekly_games", "level": {"icon": "‚ÑπÔ∏è", "name": "INFO", "no": 20}, "line": 294, "message": "claim_weekly_games", "module": "agent", "name": "epic_games.agent", "process": {"id": 3570, "name": "MainProcess"}, "thread": {"id": 139802007595904, "name": "MainThread"}, "time": {"repr": "2024-02-10 12:30:49.908268+08:00", "timestamp": 1707539449.908268}}}
{"text": "2024-02-10 12:30:58 | INFO    | epic_games.agent:claim_weekly_games:326 | claim_weekly_games - {'action': 'move to webPurchaseContainer iframe'}\n", "record": {"elapsed": {"repr": "0:02:21.541098", "seconds": 141.541098}, "exception": null, "extra": {"action": "move to webPurchaseContainer iframe"}, "file": {"name": "agent.py", "path": "/home/runner/work/HI-plus/HI-plus/epic/src/epic_games/agent.py"}, "function": "claim_weekly_games", "level": {"icon": "‚ÑπÔ∏è", "name": "INFO", "no": 20}, "line": 326, "message": "claim_weekly_games", "module": "agent", "name": "epic_games.agent", "process": {"id": 3570, "name": "MainProcess"}, "thread": {"id": 139802007595904, "name": "MainThread"}, "time": {"repr": "2024-02-10 12:30:58.744280+08:00", "timestamp": 1707539458.74428}}}
{"text": "2024-02-10 12:31:01 | INFO    | epic_games.agent:claim_weekly_games:328 | claim_weekly_games - {'action': 'click payment button'}\n", "record": {"elapsed": {"repr": "0:02:23.921177", "seconds": 143.921177}, "exception": null, "extra": {"action": "click payment button"}, "file": {"name": "agent.py", "path": "/home/runner/work/HI-plus/HI-plus/epic/src/epic_games/agent.py"}, "function": "claim_weekly_games", "level": {"icon": "‚ÑπÔ∏è", "name": "INFO", "no": 20}, "line": 328, "message": "claim_weekly_games", "module": "agent", "name": "epic_games.agent", "process": {"id": 3570, "name": "MainProcess"}, "thread": {"id": 139802007595904, "name": "MainThread"}, "time": {"repr": "2024-02-10 12:31:01.124359+08:00", "timestamp": 1707539461.124359}}}
{"text": "2024-02-10 12:31:06 | DEBUG    | hcaptcha_challenger.agents.playwright.control:_parse_label:241 | get task - {'prompt': 'Pl–µ–∞s–µ click on the obœ≥ect th–∞t differs from Œøthers.'}\n", "record": {"elapsed": {"repr": "0:02:28.924308", "seconds": 148.924308}, "exception": null, "extra": {"prompt": "Pl–µ–∞s–µ click on the obœ≥ect th–∞t differs from Œøthers."}, "file": {"name": "control.py", "path": "/opt/hostedtoolcache/Python/3.10.13/x64/lib/python3.10/site-packages/hcaptcha_challenger/agents/playwright/control.py"}, "function": "_parse_label", "level": {"icon": "üêû", "name": "DEBUG", "no": 10}, "line": 241, "message": "get task", "module": "control", "name": "hcaptcha_challenger.agents.playwright.control", "process": {"id": 3570, "name": "MainProcess"}, "thread": {"id": 139802007595904, "name": "MainThread"}, "time": {"repr": "2024-02-10 12:31:06.127490+08:00", "timestamp": 1707539466.12749}}}
{"text": "2024-02-10 12:31:11 | DEBUG    | epic_games.agent:insert_challenge:106 | task done - {'sattus': 'success'}\n", "record": {"elapsed": {"repr": "0:02:33.898508", "seconds": 153.898508}, "exception": null, "extra": {"sattus": "success"}, "file": {"name": "agent.py", "path": "/home/runner/work/HI-plus/HI-plus/epic/src/epic_games/agent.py"}, "function": "insert_challenge", "level": {"icon": "üêû", "name": "DEBUG", "no": 10}, "line": 106, "message": "task done", "module": "agent", "name": "epic_games.agent", "process": {"id": 3570, "name": "MainProcess"}, "thread": {"id": 139802007595904, "name": "MainThread"}, "time": {"repr": "2024-02-10 12:31:11.101690+08:00", "timestamp": 1707539471.10169}}}
{"text": "2024-02-10 12:31:42 | ERROR    | __main__:run:158 | An error has been caught in function 'run', process 'MainProcess' (3570), thread 'MainThread' (139802007595904): - {}\nTraceback (most recent call last):\n  File \"/home/runner/work/HI-plus/HI-plus/epic/src/claim.py\", line 151, in stash\n    await self.claim_epic_games(context)\n  File \"/home/runner/work/HI-plus/HI-plus/epic/src/claim.py\", line 122, in claim_epic_games\n    await epic.claim_weekly_games(page, single_promotions)\n  File \"/opt/hostedtoolcache/Python/3.10.13/x64/lib/python3.10/site-packages/tenacity/_asyncio.py\", line 88, in async_wrapped\n    return await fn(*args, **kwargs)\n  File \"/opt/hostedtoolcache/Python/3.10.13/x64/lib/python3.10/site-packages/tenacity/_asyncio.py\", line 47, in __call__\n    do = self.iter(retry_state=retry_state)\n  File \"/opt/hostedtoolcache/Python/3.10.13/x64/lib/python3.10/site-packages/tenacity/__init__.py\", line 325, in iter\n    raise retry_exc.reraise()\n  File \"/opt/hostedtoolcache/Python/3.10.13/x64/lib/python3.10/site-packages/tenacity/__init__.py\", line 158, in reraise\n    raise self.last_attempt.result()\n  File \"/opt/hostedtoolcache/Python/3.10.13/x64/lib/python3.10/concurrent/futures/_base.py\", line 451, in result\n    return self.__get_result()\n  File \"/opt/hostedtoolcache/Python/3.10.13/x64/lib/python3.10/concurrent/futures/_base.py\", line 403, in __get_result\n    raise self._exception\n  File \"/opt/hostedtoolcache/Python/3.10.13/x64/lib/python3.10/site-packages/tenacity/_asyncio.py\", line 50, in __call__\n    result = await fn(*args, **kwargs)\n  File \"/home/runner/work/HI-plus/HI-plus/epic/src/epic_games/agent.py\", line 338, in claim_weekly_games\n    await page.wait_for_url(recur_url)\n  File \"/opt/hostedtoolcache/Python/3.10.13/x64/lib/python3.10/site-packages/playwright/async_api/_generated.py\", line 9432, in wait_for_url\n    await self._impl_obj.wait_for_url(\n  File \"/opt/hostedtoolcache/Python/3.10.13/x64/lib/python3.10/site-packages/playwright/_impl/_page.py\", line 508, in wait_for_url\n    return await self._main_frame.wait_for_url(**locals_to_params(locals()))\n  File \"/opt/hostedtoolcache/Python/3.10.13/x64/lib/python3.10/site-packages/playwright/_impl/_frame.py\", line 237, in wait_for_url\n    async with self.expect_navigation(\n  File \"/opt/hostedtoolcache/Python/3.10.13/x64/lib/python3.10/site-packages/playwright/_impl/_event_context_manager.py\", line 33, in __aexit__\n    await self._future\n  File \"/opt/hostedtoolcache/Python/3.10.13/x64/lib/python3.10/site-packages/playwright/_impl/_frame.py\", line 212, in continuation\n    event = await waiter.result()\nplaywright._impl._errors.TimeoutError: Timeout 30000ms exceeded.\n=========================== logs ===========================\nwaiting for navigation to \"https://store.epicgames.com/en-US/cart/success\" until 'load'\n============================================================\n\nDuring handling of the above exception, another exception occurred:\n\nTraceback (most recent call last):\n  File \"/home/runner/work/HI-plus/HI-plus/epic/src/claim.py\", line 162, in <module>\n    asyncio.run(run())\n  File \"/opt/hostedtoolcache/Python/3.10.13/x64/lib/python3.10/asyncio/runners.py\", line 44, in run\n    return loop.run_until_complete(main)\n  File \"/opt/hostedtoolcache/Python/3.10.13/x64/lib/python3.10/asyncio/base_events.py\", line 636, in run_until_complete\n    self.run_forever()\n  File \"/opt/hostedtoolcache/Python/3.10.13/x64/lib/python3.10/asyncio/base_events.py\", line 603, in run_forever\n    self._run_once()\n  File \"/opt/hostedtoolcache/Python/3.10.13/x64/lib/python3.10/asyncio/base_events.py\", line 1909, in _run_once\n    handle._run()\n  File \"/opt/hostedtoolcache/Python/3.10.13/x64/lib/python3.10/asyncio/events.py\", line 80, in _run\n    self._context.run(self._callback, *self._args)\n> File \"/home/runner/work/HI-plus/HI-plus/epic/src/claim.py\", line 158, in run\n    await agent.stash()\n  File \"/home/runner/work/HI-plus/HI-plus/epic/src/claim.py\", line 139, in stash\n    async with async_playwright() as p:\n  File \"/opt/hostedtoolcache/Python/3.10.13/x64/lib/python3.10/site-packages/playwright/async_api/_context_manager.py\", line 58, in __aexit__\n    await self._connection.stop_async()\n  File \"/opt/hostedtoolcache/Python/3.10.13/x64/lib/python3.10/site-packages/playwright/_impl/_connection.py\", line 289, in stop_async\n    self.cleanup()\n  File \"/opt/hostedtoolcache/Python/3.10.13/x64/lib/python3.10/site-packages/playwright/_impl/_connection.py\", line 300, in cleanup\n    callback.future.set_exception(self._closed_error)\nasyncio.exceptions.InvalidStateError: invalid state\n", "record": {"elapsed": {"repr": "0:03:05.759830", "seconds": 185.75983}, "exception": {"type": "InvalidStateError", "value": "invalid state", "traceback": true}, "extra": {}, "file": {"name": "claim.py", "path": "/home/runner/work/HI-plus/HI-plus/epic/src/claim.py"}, "function": "run", "level": {"icon": "‚ùå", "name": "ERROR", "no": 40}, "line": 158, "message": "An error has been caught in function 'run', process 'MainProcess' (3570), thread 'MainThread' (139802007595904):", "module": "claim", "name": "__main__", "process": {"id": 3570, "name": "MainProcess"}, "thread": {"id": 139802007595904, "name": "MainThread"}, "time": {"repr": "2024-02-10 12:31:42.963012+08:00", "timestamp": 1707539502.963012}}}
